mode: set
simplewebapp/DataProcessor.go:29.45,31.2 1 0
simplewebapp/DataProcessor.go:33.52,36.2 2 1
simplewebapp/DataProcessor.go:38.41,42.20 2 1
simplewebapp/DataProcessor.go:42.20,44.3 1 1
simplewebapp/DataProcessor.go:45.2,48.16 4 1
simplewebapp/DataProcessor.go:48.16,50.3 1 1
simplewebapp/DataProcessor.go:51.2,52.16 2 1
simplewebapp/DataProcessor.go:52.16,54.3 1 1
simplewebapp/DataProcessor.go:55.2,60.8 1 1
simplewebapp/DataProcessor.go:63.57,64.23 1 1
simplewebapp/DataProcessor.go:64.23,66.17 2 1
simplewebapp/DataProcessor.go:66.17,67.12 1 1
simplewebapp/DataProcessor.go:69.3,70.19 2 1
simplewebapp/DataProcessor.go:71.12,72.34 1 1
simplewebapp/DataProcessor.go:73.12,74.34 1 1
simplewebapp/DataProcessor.go:75.12,76.34 1 1
simplewebapp/DataProcessor.go:77.12,78.23 1 1
simplewebapp/DataProcessor.go:78.23,79.13 1 1
simplewebapp/DataProcessor.go:82.4,82.34 1 1
simplewebapp/DataProcessor.go:83.11,84.12 1 1
simplewebapp/DataProcessor.go:88.3,92.16 2 1
simplewebapp/DataProcessor.go:94.2,94.12 1 1
simplewebapp/DataProcessor.go:97.62,98.20 1 1
simplewebapp/DataProcessor.go:98.20,104.3 3 1
simplewebapp/DataProcessor.go:107.50,110.71 3 1
simplewebapp/DataProcessor.go:110.71,115.17 4 1
simplewebapp/DataProcessor.go:115.17,119.4 3 1
simplewebapp/DataProcessor.go:121.3,121.10 1 1
simplewebapp/DataProcessor.go:122.20,122.20 0 1
simplewebapp/DataProcessor.go:124.11,129.10 4 1
simplewebapp/DataProcessor.go:131.3,132.50 2 1
simplewebapp/DataProcessor.go:136.13,143.16 6 0
simplewebapp/DataProcessor.go:143.16,144.13 1 0
simplewebapp/DataProcessor.go:146.2,149.16 4 0
simplewebapp/DataProcessor.go:149.16,151.3 1 0
